2024-11-26 23:27:42,838 - INFO - Moved: aadhi.jpg -> Images
2024-11-26 23:27:42,839 - INFO - Moved: Curious Freaks Coding Sheet.xlsx -> Spreadsheets
2024-11-26 23:27:42,839 - INFO - Moved: divya.jpg -> Images
2024-11-26 23:27:42,840 - INFO - Moved: EEC OD.pdf -> Text Files
2024-11-26 23:27:42,840 - INFO - Moved: gowri.jpg -> Images
2024-11-26 23:27:42,841 - INFO - Moved: jai.jpg -> Images
2024-11-26 23:27:42,841 - INFO - Moved: MediTech_ppt.pptx -> Presentations
2024-11-26 23:27:42,842 - INFO - Moved: MediWise.txt -> Text Files
2024-11-26 23:27:42,843 - INFO - Moved: My Photo.jpg -> Images
2024-11-26 23:27:42,843 - INFO - Moved: photo new.jpg -> Images
2024-11-29 20:23:59,179 - INFO - Moved: Adding New Student Profile.png -> Images
2024-11-29 20:23:59,181 - INFO - Moved: File Complaint.png -> Images
2024-11-29 20:23:59,182 - INFO - Moved: HMS.py -> Scripts
2024-11-29 20:23:59,183 - INFO - Moved: hostel_data.json -> Others
2024-11-29 20:23:59,184 - INFO - Moved: IEEE_Conference_Template__Copy_ (2).pdf -> Text Files
2024-11-29 20:23:59,185 - INFO - Moved: Login page.png -> Images
2024-11-29 20:23:59,186 - INFO - Moved: logo_1.jpg -> Images
2024-11-29 20:23:59,187 - INFO - Moved: Manage Notices.png -> Images
2024-11-29 20:23:59,188 - INFO - Moved: Manage Room Allocation.png -> Images
2024-11-29 20:23:59,189 - INFO - Moved: Profile Page.png -> Images
2024-11-29 20:23:59,190 - INFO - Moved: Raising Outing Requests.png -> Images
2024-11-29 20:23:59,190 - INFO - Moved: Record and View Visitors.png -> Images
2024-11-29 20:23:59,191 - INFO - Moved: ref.py -> Scripts
2024-11-29 20:23:59,192 - INFO - Moved: REVIEW2_PPT.pptx -> Presentations
2024-11-29 20:23:59,193 - INFO - Moved: Room Change Request.png -> Images
2024-11-29 20:23:59,193 - INFO - Moved: S JAIGANESH 212222240037 REVIEW 3 DOC.docx -> Text Files
2024-11-29 20:23:59,194 - INFO - Moved: S JAIGANESH 212222240037 REVIEW3_PPT.pptx -> Presentations
